[2025-07-02 21:21:16] [INFO] ["C:\\Users\\user\\Desktop\\counselor-master\/lang\/ar\\ar.php"]
[2025-07-02 21:21:16] [INFO] {"session":"ar","lang":"ar"}
[2025-07-02 21:21:48] [INFO] ["C:\\Users\\user\\Desktop\\counselor-master\/lang\/en\\en.php"]
[2025-07-02 21:21:48] [INFO] {"session":"en","lang":"en"}
[2025-07-02 21:21:49] [INFO] ["C:\\Users\\user\\Desktop\\counselor-master\/lang\/ru\\ru.php"]
[2025-07-02 21:21:49] [INFO] {"session":"ru","lang":"ru"}
[2025-07-02 21:22:58] [INFO] ["C:\\Users\\user\\Desktop\\counselor-master\/lang\/ru\\ru.php"]
[2025-07-02 21:22:58] [INFO] {"session":"ru","lang":"ru"}
[2025-07-02 21:22:59] [INFO] ["C:\\Users\\user\\Desktop\\counselor-master\/lang\/ru\\ru.php"]
[2025-07-02 21:22:59] [INFO] {"session":"ru","lang":"ru"}
[2025-07-02 21:22:59] [INFO] ["C:\\Users\\user\\Desktop\\counselor-master\/lang\/ru\\ru.php"]
[2025-07-02 21:22:59] [INFO] {"session":"ru","lang":"ru"}
[2025-07-02 21:25:32] [INFO] ["C:\\Users\\user\\Desktop\\counselor-master\/lang\/ru\\ru.php"]
[2025-07-02 21:25:32] [INFO] {"session":"ru","lang":"ru"}
[2025-07-02 21:25:32] [INFO] ["C:\\Users\\user\\Desktop\\counselor-master\/lang\/ru\\ru.php"]
[2025-07-02 21:25:32] [INFO] {"session":"ru","lang":"ru"}
[2025-07-02 21:25:32] [INFO] ["C:\\Users\\user\\Desktop\\counselor-master\/lang\/ru\\ru.php"]
[2025-07-02 21:25:32] [INFO] {"session":"ru","lang":"ru"}
[2025-07-02 21:26:05] [INFO] ["C:\\Users\\user\\Desktop\\counselor-master\/lang\/ar\\ar.php"]
[2025-07-02 21:26:05] [INFO] {"session":"ar","lang":"ar"}
[2025-07-02 21:26:23] [INFO] ["C:\\Users\\user\\Desktop\\counselor-master\/lang\/ar\\ar.php"]
[2025-07-02 21:26:23] [INFO] {"session":"ar","lang":"ar"}
[2025-07-02 21:26:40] [INFO] ["C:\\Users\\user\\Desktop\\counselor-master\/lang\/ru\\ru.php"]
[2025-07-02 21:26:40] [INFO] {"session":"ru","lang":"ru"}
[2025-07-02 21:27:25] [INFO] ["C:\\Users\\user\\Desktop\\counselor-master\/lang\/ru\\ru.php"]
[2025-07-02 21:27:25] [INFO] {"session":"ru","lang":"ru"}
[2025-07-02 21:27:25] [INFO] ["C:\\Users\\user\\Desktop\\counselor-master\/lang\/ru\\ru.php"]
[2025-07-02 21:27:25] [INFO] {"session":"ru","lang":"ru"}
[2025-07-02 21:27:26] [INFO] ["C:\\Users\\user\\Desktop\\counselor-master\/lang\/ru\\ru.php"]
[2025-07-02 21:27:26] [INFO] {"session":"ru","lang":"ru"}
[2025-07-02 21:33:28] [INFO] ["C:\\Users\\user\\Desktop\\counselor-master\/lang\/en\\en.php"]
[2025-07-02 21:33:28] [INFO] {"session":"en","lang":"en"}
[2025-07-02 21:42:10] [INFO] ["C:\\Users\\user\\Desktop\\counselor-master\/lang\/en\\en.php"]
[2025-07-02 21:42:10] [INFO] {"session":"en","lang":"en"}
[2025-07-02 21:42:10] [INFO] ["C:\\Users\\user\\Desktop\\counselor-master\/lang\/en\\en.php"]
[2025-07-02 21:42:10] [INFO] {"session":"en","lang":"en"}
[2025-07-02 21:42:10] [INFO] ["C:\\Users\\user\\Desktop\\counselor-master\/lang\/en\\en.php"]
[2025-07-02 21:42:10] [INFO] {"session":"en","lang":"en"}
[2025-07-02 21:43:15] [INFO] ["C:\\Users\\user\\Desktop\\counselor-master\/lang\/en\\en.php"]
[2025-07-02 21:43:15] [INFO] {"session":"en","lang":"en"}
[2025-07-02 21:43:16] [INFO] ["C:\\Users\\user\\Desktop\\counselor-master\/lang\/en\\en.php"]
[2025-07-02 21:43:16] [INFO] {"session":"en","lang":"en"}
[2025-07-02 21:43:16] [INFO] ["C:\\Users\\user\\Desktop\\counselor-master\/lang\/en\\en.php"]
[2025-07-02 21:43:16] [INFO] {"session":"en","lang":"en"}
[2025-07-02 21:43:29] [INFO] ["C:\\Users\\user\\Desktop\\counselor-master\/lang\/en\\en.php"]
[2025-07-02 21:43:29] [INFO] {"session":"en","lang":"en"}
[2025-07-02 21:43:29] [INFO] ["C:\\Users\\user\\Desktop\\counselor-master\/lang\/en\\en.php"]
[2025-07-02 21:43:29] [INFO] {"session":"en","lang":"en"}
[2025-07-02 21:43:30] [INFO] ["C:\\Users\\user\\Desktop\\counselor-master\/lang\/en\\en.php"]
[2025-07-02 21:43:30] [INFO] {"session":"en","lang":"en"}
[2025-07-02 21:44:26] [INFO] ["C:\\Users\\user\\Desktop\\counselor-master\/lang\/en\\en.php"]
[2025-07-02 21:44:26] [INFO] {"session":"en","lang":"en"}
[2025-07-02 21:44:27] [INFO] ["C:\\Users\\user\\Desktop\\counselor-master\/lang\/en\\en.php"]
[2025-07-02 21:44:27] [INFO] {"session":"en","lang":"en"}
[2025-07-02 21:44:27] [INFO] ["C:\\Users\\user\\Desktop\\counselor-master\/lang\/en\\en.php"]
[2025-07-02 21:44:27] [INFO] {"session":"en","lang":"en"}
[2025-07-02 21:45:09] [INFO] ["C:\\Users\\user\\Desktop\\counselor-master\/lang\/en\\en.php"]
[2025-07-02 21:45:09] [INFO] {"session":"en","lang":"en"}
[2025-07-02 21:45:09] [INFO] ["C:\\Users\\user\\Desktop\\counselor-master\/lang\/en\\en.php"]
[2025-07-02 21:45:09] [INFO] {"session":"en","lang":"en"}
[2025-07-02 21:45:09] [INFO] ["C:\\Users\\user\\Desktop\\counselor-master\/lang\/en\\en.php"]
[2025-07-02 21:45:09] [INFO] {"session":"en","lang":"en"}
[2025-07-02 21:45:46] [INFO] ["C:\\Users\\user\\Desktop\\counselor-master\/lang\/en\\en.php"]
[2025-07-02 21:45:46] [INFO] {"session":"en","lang":"en"}
[2025-07-02 21:45:46] [INFO] ["C:\\Users\\user\\Desktop\\counselor-master\/lang\/en\\en.php"]
[2025-07-02 21:45:46] [INFO] {"session":"en","lang":"en"}
[2025-07-02 21:45:47] [INFO] ["C:\\Users\\user\\Desktop\\counselor-master\/lang\/en\\en.php"]
[2025-07-02 21:45:47] [INFO] {"session":"en","lang":"en"}
[2025-07-02 21:46:28] [INFO] ["C:\\Users\\user\\Desktop\\counselor-master\/lang\/en\\en.php"]
[2025-07-02 21:46:28] [INFO] {"session":"en","lang":"en"}
[2025-07-02 21:46:28] [INFO] ["C:\\Users\\user\\Desktop\\counselor-master\/lang\/en\\en.php"]
[2025-07-02 21:46:28] [INFO] {"session":"en","lang":"en"}
[2025-07-02 21:46:28] [INFO] ["C:\\Users\\user\\Desktop\\counselor-master\/lang\/en\\en.php"]
[2025-07-02 21:46:28] [INFO] {"session":"en","lang":"en"}
[2025-07-02 21:50:13] [INFO] ["C:\\Users\\user\\Desktop\\counselor-master\/lang\/en\\en.php"]
[2025-07-02 21:50:13] [INFO] {"session":"en","lang":"en"}
[2025-07-02 21:50:13] [INFO] ["C:\\Users\\user\\Desktop\\counselor-master\/lang\/en\\en.php"]
[2025-07-02 21:50:13] [INFO] {"session":"en","lang":"en"}
[2025-07-02 21:50:14] [INFO] ["C:\\Users\\user\\Desktop\\counselor-master\/lang\/en\\en.php"]
[2025-07-02 21:50:14] [INFO] {"session":"en","lang":"en"}
[2025-07-02 21:54:39] [INFO] ["C:\\Users\\user\\Desktop\\counselor-master\/lang\/en\\en.php"]
[2025-07-02 21:54:39] [INFO] {"session":"en","lang":"en"}
[2025-07-02 21:54:40] [INFO] ["C:\\Users\\user\\Desktop\\counselor-master\/lang\/en\\en.php"]
[2025-07-02 21:54:40] [INFO] {"session":"en","lang":"en"}
[2025-07-02 21:54:40] [INFO] ["C:\\Users\\user\\Desktop\\counselor-master\/lang\/en\\en.php"]
[2025-07-02 21:54:40] [INFO] {"session":"en","lang":"en"}
[2025-07-02 21:55:16] [INFO] ["C:\\Users\\user\\Desktop\\counselor-master\/lang\/en\\en.php"]
[2025-07-02 21:55:16] [INFO] {"session":"en","lang":"en"}
[2025-07-02 21:55:17] [INFO] ["C:\\Users\\user\\Desktop\\counselor-master\/lang\/en\\en.php"]
[2025-07-02 21:55:17] [INFO] {"session":"en","lang":"en"}
[2025-07-02 21:55:17] [INFO] ["C:\\Users\\user\\Desktop\\counselor-master\/lang\/en\\en.php"]
[2025-07-02 21:55:17] [INFO] {"session":"en","lang":"en"}
[2025-07-02 21:55:57] [INFO] ["C:\\Users\\user\\Desktop\\counselor-master\/lang\/en\\en.php"]
[2025-07-02 21:55:57] [INFO] {"session":"en","lang":"en"}
[2025-07-02 21:55:58] [INFO] ["C:\\Users\\user\\Desktop\\counselor-master\/lang\/en\\en.php"]
[2025-07-02 21:55:58] [INFO] {"session":"en","lang":"en"}
[2025-07-02 21:55:58] [INFO] ["C:\\Users\\user\\Desktop\\counselor-master\/lang\/en\\en.php"]
[2025-07-02 21:55:58] [INFO] {"session":"en","lang":"en"}
[2025-07-02 21:57:27] [INFO] ["C:\\Users\\user\\Desktop\\counselor-master\/lang\/en\\en.php"]
[2025-07-02 21:57:27] [INFO] {"session":"en","lang":"en"}
[2025-07-02 21:57:28] [INFO] ["C:\\Users\\user\\Desktop\\counselor-master\/lang\/en\\en.php"]
[2025-07-02 21:57:28] [INFO] {"session":"en","lang":"en"}
[2025-07-02 21:57:28] [INFO] ["C:\\Users\\user\\Desktop\\counselor-master\/lang\/en\\en.php"]
[2025-07-02 21:57:28] [INFO] {"session":"en","lang":"en"}
[2025-07-02 21:59:17] [INFO] ["C:\\Users\\user\\Desktop\\counselor-master\/lang\/en\\en.php"]
[2025-07-02 21:59:17] [INFO] {"session":"en","lang":"en"}
[2025-07-02 21:59:18] [INFO] ["C:\\Users\\user\\Desktop\\counselor-master\/lang\/en\\en.php"]
[2025-07-02 21:59:18] [INFO] {"session":"en","lang":"en"}
[2025-07-02 21:59:18] [INFO] ["C:\\Users\\user\\Desktop\\counselor-master\/lang\/en\\en.php"]
[2025-07-02 21:59:18] [INFO] {"session":"en","lang":"en"}
[2025-07-02 21:59:45] [INFO] ["C:\\Users\\user\\Desktop\\counselor-master\/lang\/en\\en.php"]
[2025-07-02 21:59:45] [INFO] {"session":"en","lang":"en"}
[2025-07-02 21:59:45] [INFO] ["C:\\Users\\user\\Desktop\\counselor-master\/lang\/en\\en.php"]
[2025-07-02 21:59:45] [INFO] {"session":"en","lang":"en"}
[2025-07-02 21:59:45] [INFO] ["C:\\Users\\user\\Desktop\\counselor-master\/lang\/en\\en.php"]
[2025-07-02 21:59:45] [INFO] {"session":"en","lang":"en"}
[2025-07-02 22:03:55] [INFO] ["C:\\Users\\user\\Desktop\\counselor-master\/lang\/en\\en.php"]
[2025-07-02 22:03:55] [INFO] {"session":"en","lang":"en"}
[2025-07-02 22:03:55] [INFO] ["C:\\Users\\user\\Desktop\\counselor-master\/lang\/en\\en.php"]
[2025-07-02 22:03:55] [INFO] {"session":"en","lang":"en"}
[2025-07-02 22:03:55] [INFO] ["C:\\Users\\user\\Desktop\\counselor-master\/lang\/en\\en.php"]
[2025-07-02 22:03:55] [INFO] {"session":"en","lang":"en"}
[2025-07-02 22:04:07] [INFO] ["C:\\Users\\user\\Desktop\\counselor-master\/lang\/en\\en.php"]
[2025-07-02 22:04:07] [INFO] {"session":"en","lang":"en"}
[2025-07-02 22:04:08] [INFO] ["C:\\Users\\user\\Desktop\\counselor-master\/lang\/en\\en.php"]
[2025-07-02 22:04:08] [INFO] {"session":"en","lang":"en"}
[2025-07-02 22:04:08] [INFO] ["C:\\Users\\user\\Desktop\\counselor-master\/lang\/en\\en.php"]
[2025-07-02 22:04:08] [INFO] {"session":"en","lang":"en"}
