[2025-06-29 17:36:19] [INFO] {"session":"ar","lang":"ar"}
[2025-06-29 17:36:37] [INFO] {"session":"ar","lang":"ar"}
[2025-06-29 17:50:35] [INFO] {"session":"ar","lang":"ar"}
[2025-06-29 17:50:51] [INFO] {"session":"ar","lang":"ar"}
[2025-06-29 17:51:10] [INFO] {"session":"ar","lang":"ar"}
[2025-06-29 17:51:46] [INFO] {"session":"ar","lang":"ar"}
[2025-06-29 17:52:57] [INFO] {"session":"ar","lang":"ar"}
[2025-06-29 17:53:20] [INFO] {"session":"ar","lang":"ar"}
[2025-06-29 17:54:16] [INFO] {"session":"ar","lang":"ar"}
[2025-06-29 17:54:39] [INFO] {"session":"ar","lang":"ar"}
[2025-06-29 17:57:26] [INFO] {"session":"ar","lang":"ar"}
[2025-06-29 17:57:52] [INFO] {"session":"ar","lang":"ar"}
[2025-06-29 17:58:33] [INFO] {"session":"ar","lang":"ar"}
[2025-06-29 17:58:54] [INFO] {"session":"ar","lang":"ar"}
[2025-06-29 18:00:45] [INFO] {"session":"ar","lang":"ar"}
[2025-06-29 18:02:20] [INFO] {"session":"ar","lang":"ar"}
[2025-06-29 18:03:50] [INFO] {"session":"ar","lang":"ar"}
[2025-06-29 18:05:58] [INFO] {"session":"ar","lang":"ar"}
[2025-06-29 18:06:33] [INFO] {"session":"ar","lang":"ar"}
[2025-06-29 18:06:49] [INFO] {"session":"ar","lang":"ar"}
[2025-06-29 18:07:55] [INFO] {"session":"ar","lang":"ar"}
[2025-06-29 18:08:46] [INFO] {"session":"ar","lang":"ar"}
[2025-06-29 18:20:41] [INFO] {"session":"ar","lang":"ar"}
[2025-06-29 18:21:51] [INFO] {"session":"ar","lang":"ar"}
[2025-06-29 18:22:43] [INFO] {"session":"ar","lang":"ar"}
[2025-06-29 18:24:01] [INFO] {"session":"ar","lang":"ar"}
[2025-06-29 18:24:26] [INFO] {"session":"ar","lang":"ar"}
[2025-06-29 18:53:16] [INFO] {"session":"ar","lang":"ar"}
[2025-06-29 18:53:31] [INFO] {"session":"ar","lang":"ar"}
[2025-06-29 18:53:37] [INFO] {"session":"ar","lang":"ar"}
[2025-06-29 18:54:35] [INFO] {"session":"ar","lang":"ar"}
[2025-06-29 18:54:56] [INFO] {"session":"ar","lang":"ar"}
[2025-06-29 18:59:40] [INFO] {"session":"ar","lang":"ar"}
[2025-06-29 19:00:02] [INFO] {"session":"ar","lang":"ar"}
[2025-06-29 19:00:30] [INFO] {"session":"ar","lang":"ar"}
[2025-06-29 19:01:30] [INFO] {"session":"ar","lang":"ar"}
[2025-06-29 19:02:13] [INFO] {"session":"ar","lang":"ar"}
[2025-06-29 19:02:53] [INFO] {"session":"ar","lang":"ar"}
[2025-06-29 19:07:51] [INFO] {"session":"ar","lang":"ar"}
[2025-06-29 19:09:19] [INFO] {"session":"ar","lang":"ar"}
[2025-06-29 19:09:37] [INFO] {"session":"ar","lang":"ar"}
[2025-06-29 19:09:52] [INFO] {"session":"ar","lang":"ar"}
[2025-06-29 19:11:05] [INFO] {"session":"ar","lang":"ar"}
[2025-06-29 19:11:18] [INFO] {"session":"ar","lang":"ar"}
[2025-06-29 19:11:36] [INFO] {"session":"ar","lang":"ar"}
[2025-06-29 19:12:16] [INFO] {"session":"ar","lang":"ar"}
[2025-06-29 19:12:32] [INFO] {"session":"ar","lang":"ar"}
[2025-06-29 19:13:08] [INFO] {"session":"ar","lang":"ar"}
[2025-06-29 19:13:39] [INFO] {"session":"ar","lang":"ar"}
[2025-06-29 19:21:12] [INFO] {"session":"ar","lang":"ar"}
[2025-06-29 19:21:13] [INFO] {"session":"ar","lang":"ar"}
[2025-06-29 19:21:45] [INFO] {"session":"ar","lang":"ar"}
[2025-06-29 19:24:08] [INFO] ["C:\\Users\\user\\Desktop\\counselor-master\/lang\/ru\\ru.php"]
[2025-06-29 19:24:09] [INFO] ["C:\\Users\\user\\Desktop\\counselor-master\/lang\/ru\\ru.php"]
[2025-06-29 19:24:09] [INFO] ["C:\\Users\\user\\Desktop\\counselor-master\/lang\/ru\\ru.php"]
[2025-06-29 19:24:51] [INFO] ["C:\\Users\\user\\Desktop\\counselor-master\/lang\/ru\\ru.php"]
[2025-06-29 19:24:51] [INFO] {"session":"ru","lang":"ru"}
[2025-06-29 19:24:51] [INFO] ["C:\\Users\\user\\Desktop\\counselor-master\/lang\/ru\\ru.php"]
[2025-06-29 19:24:51] [INFO] {"session":"ru","lang":"ru"}
[2025-06-29 19:24:51] [INFO] ["C:\\Users\\user\\Desktop\\counselor-master\/lang\/ru\\ru.php"]
[2025-06-29 19:24:51] [INFO] {"session":"ru","lang":"ru"}
[2025-06-29 19:25:00] [INFO] ["C:\\Users\\user\\Desktop\\counselor-master\/lang\/en\\en.php"]
[2025-06-29 19:25:00] [INFO] {"session":"en","lang":"en"}
[2025-06-29 19:25:02] [INFO] ["C:\\Users\\user\\Desktop\\counselor-master\/lang\/ar\\ar.php"]
[2025-06-29 19:25:02] [INFO] {"session":"ar","lang":"ar"}
[2025-06-29 19:25:04] [INFO] ["C:\\Users\\user\\Desktop\\counselor-master\/lang\/en\\en.php"]
[2025-06-29 19:25:04] [INFO] {"session":"en","lang":"en"}
[2025-06-29 19:25:06] [INFO] ["C:\\Users\\user\\Desktop\\counselor-master\/lang\/ru\\ru.php"]
[2025-06-29 19:25:06] [INFO] {"session":"ru","lang":"ru"}
[2025-06-29 19:25:33] [INFO] ["C:\\Users\\user\\Desktop\\counselor-master\/lang\/ru\\ru.php"]
[2025-06-29 19:25:33] [INFO] {"session":"ru","lang":"ru"}
[2025-06-29 19:25:33] [INFO] ["C:\\Users\\user\\Desktop\\counselor-master\/lang\/ru\\ru.php"]
[2025-06-29 19:25:33] [INFO] {"session":"ru","lang":"ru"}
[2025-06-29 19:25:33] [INFO] ["C:\\Users\\user\\Desktop\\counselor-master\/lang\/ru\\ru.php"]
[2025-06-29 19:25:33] [INFO] {"session":"ru","lang":"ru"}
[2025-06-29 19:26:52] [INFO] ["C:\\Users\\user\\Desktop\\counselor-master\/lang\/ru\\ru.php"]
[2025-06-29 19:26:52] [INFO] {"session":"ru","lang":"ru"}
[2025-06-29 19:26:53] [INFO] ["C:\\Users\\user\\Desktop\\counselor-master\/lang\/ru\\ru.php"]
[2025-06-29 19:26:53] [INFO] {"session":"ru","lang":"ru"}
[2025-06-29 19:26:53] [INFO] ["C:\\Users\\user\\Desktop\\counselor-master\/lang\/ru\\ru.php"]
[2025-06-29 19:26:53] [INFO] {"session":"ru","lang":"ru"}
[2025-06-29 19:27:24] [INFO] ["C:\\Users\\user\\Desktop\\counselor-master\/lang\/ru\\ru.php"]
[2025-06-29 19:27:24] [INFO] {"session":"ru","lang":"ru"}
[2025-06-29 19:27:25] [INFO] ["C:\\Users\\user\\Desktop\\counselor-master\/lang\/ru\\ru.php"]
[2025-06-29 19:27:25] [INFO] {"session":"ru","lang":"ru"}
[2025-06-29 19:27:25] [INFO] ["C:\\Users\\user\\Desktop\\counselor-master\/lang\/ru\\ru.php"]
[2025-06-29 19:27:25] [INFO] {"session":"ru","lang":"ru"}
[2025-06-29 19:27:29] [INFO] ["C:\\Users\\user\\Desktop\\counselor-master\/lang\/ar\\ar.php"]
[2025-06-29 19:27:29] [INFO] {"session":"ar","lang":"ar"}
[2025-06-29 19:27:31] [INFO] ["C:\\Users\\user\\Desktop\\counselor-master\/lang\/en\\en.php"]
[2025-06-29 19:27:31] [INFO] {"session":"en","lang":"en"}
[2025-06-29 19:27:41] [INFO] ["C:\\Users\\user\\Desktop\\counselor-master\/lang\/en\\en.php"]
[2025-06-29 19:27:41] [INFO] {"session":"en","lang":"en"}
[2025-06-29 19:27:42] [INFO] ["C:\\Users\\user\\Desktop\\counselor-master\/lang\/en\\en.php"]
[2025-06-29 19:27:42] [INFO] {"session":"en","lang":"en"}
[2025-06-29 19:27:42] [INFO] ["C:\\Users\\user\\Desktop\\counselor-master\/lang\/en\\en.php"]
[2025-06-29 19:27:42] [INFO] {"session":"en","lang":"en"}
[2025-06-29 19:28:28] [INFO] ["C:\\Users\\user\\Desktop\\counselor-master\/lang\/en\\en.php"]
[2025-06-29 19:28:28] [INFO] {"session":"en","lang":"en"}
[2025-06-29 19:28:29] [INFO] ["C:\\Users\\user\\Desktop\\counselor-master\/lang\/en\\en.php"]
[2025-06-29 19:28:29] [INFO] {"session":"en","lang":"en"}
[2025-06-29 19:28:29] [INFO] ["C:\\Users\\user\\Desktop\\counselor-master\/lang\/en\\en.php"]
[2025-06-29 19:28:29] [INFO] {"session":"en","lang":"en"}
[2025-06-29 19:29:09] [INFO] ["C:\\Users\\user\\Desktop\\counselor-master\/lang\/en\\en.php"]
[2025-06-29 19:29:09] [INFO] {"session":"en","lang":"en"}
[2025-06-29 19:29:10] [INFO] ["C:\\Users\\user\\Desktop\\counselor-master\/lang\/en\\en.php"]
[2025-06-29 19:29:10] [INFO] {"session":"en","lang":"en"}
[2025-06-29 19:29:10] [INFO] ["C:\\Users\\user\\Desktop\\counselor-master\/lang\/en\\en.php"]
[2025-06-29 19:29:10] [INFO] {"session":"en","lang":"en"}
[2025-06-29 19:29:33] [INFO] ["C:\\Users\\user\\Desktop\\counselor-master\/lang\/en\\en.php"]
[2025-06-29 19:29:33] [INFO] {"session":"en","lang":"en"}
[2025-06-29 19:29:34] [INFO] ["C:\\Users\\user\\Desktop\\counselor-master\/lang\/en\\en.php"]
[2025-06-29 19:29:34] [INFO] {"session":"en","lang":"en"}
[2025-06-29 19:29:34] [INFO] ["C:\\Users\\user\\Desktop\\counselor-master\/lang\/en\\en.php"]
[2025-06-29 19:29:34] [INFO] {"session":"en","lang":"en"}
[2025-06-29 19:29:57] [INFO] ["C:\\Users\\user\\Desktop\\counselor-master\/lang\/en\\en.php"]
[2025-06-29 19:29:57] [INFO] {"session":"en","lang":"en"}
[2025-06-29 19:29:57] [INFO] ["C:\\Users\\user\\Desktop\\counselor-master\/lang\/en\\en.php"]
[2025-06-29 19:29:57] [INFO] {"session":"en","lang":"en"}
[2025-06-29 19:29:57] [INFO] ["C:\\Users\\user\\Desktop\\counselor-master\/lang\/en\\en.php"]
[2025-06-29 19:29:57] [INFO] {"session":"en","lang":"en"}
[2025-06-29 19:30:11] [INFO] ["C:\\Users\\user\\Desktop\\counselor-master\/lang\/en\\en.php"]
[2025-06-29 19:30:11] [INFO] {"session":"en","lang":"en"}
[2025-06-29 19:30:12] [INFO] ["C:\\Users\\user\\Desktop\\counselor-master\/lang\/en\\en.php"]
[2025-06-29 19:30:12] [INFO] {"session":"en","lang":"en"}
[2025-06-29 19:30:12] [INFO] ["C:\\Users\\user\\Desktop\\counselor-master\/lang\/en\\en.php"]
[2025-06-29 19:30:12] [INFO] {"session":"en","lang":"en"}
[2025-06-29 19:30:27] [INFO] ["C:\\Users\\user\\Desktop\\counselor-master\/lang\/en\\en.php"]
[2025-06-29 19:30:27] [INFO] {"session":"en","lang":"en"}
[2025-06-29 19:30:27] [INFO] ["C:\\Users\\user\\Desktop\\counselor-master\/lang\/en\\en.php"]
[2025-06-29 19:30:27] [INFO] {"session":"en","lang":"en"}
[2025-06-29 19:30:28] [INFO] ["C:\\Users\\user\\Desktop\\counselor-master\/lang\/en\\en.php"]
[2025-06-29 19:30:28] [INFO] {"session":"en","lang":"en"}
[2025-06-29 19:30:32] [INFO] ["C:\\Users\\user\\Desktop\\counselor-master\/lang\/en\\en.php"]
[2025-06-29 19:30:32] [INFO] {"session":"en","lang":"en"}
[2025-06-29 19:30:33] [INFO] ["C:\\Users\\user\\Desktop\\counselor-master\/lang\/en\\en.php"]
[2025-06-29 19:30:33] [INFO] {"session":"en","lang":"en"}
[2025-06-29 19:30:33] [INFO] ["C:\\Users\\user\\Desktop\\counselor-master\/lang\/en\\en.php"]
[2025-06-29 19:30:33] [INFO] {"session":"en","lang":"en"}
[2025-06-29 19:30:57] [INFO] ["C:\\Users\\user\\Desktop\\counselor-master\/lang\/en\\en.php"]
[2025-06-29 19:30:57] [INFO] {"session":"en","lang":"en"}
[2025-06-29 19:30:58] [INFO] ["C:\\Users\\user\\Desktop\\counselor-master\/lang\/en\\en.php"]
[2025-06-29 19:30:58] [INFO] {"session":"en","lang":"en"}
[2025-06-29 19:30:58] [INFO] ["C:\\Users\\user\\Desktop\\counselor-master\/lang\/en\\en.php"]
[2025-06-29 19:30:58] [INFO] {"session":"en","lang":"en"}
[2025-06-29 19:31:18] [INFO] ["C:\\Users\\user\\Desktop\\counselor-master\/lang\/en\\en.php"]
[2025-06-29 19:31:18] [INFO] {"session":"en","lang":"en"}
[2025-06-29 19:31:19] [INFO] ["C:\\Users\\user\\Desktop\\counselor-master\/lang\/en\\en.php"]
[2025-06-29 19:31:19] [INFO] {"session":"en","lang":"en"}
[2025-06-29 19:31:19] [INFO] ["C:\\Users\\user\\Desktop\\counselor-master\/lang\/en\\en.php"]
[2025-06-29 19:31:19] [INFO] {"session":"en","lang":"en"}
[2025-06-29 19:31:37] [INFO] ["C:\\Users\\user\\Desktop\\counselor-master\/lang\/en\\en.php"]
[2025-06-29 19:31:37] [INFO] {"session":"en","lang":"en"}
[2025-06-29 19:31:38] [INFO] ["C:\\Users\\user\\Desktop\\counselor-master\/lang\/en\\en.php"]
[2025-06-29 19:31:38] [INFO] {"session":"en","lang":"en"}
[2025-06-29 19:31:38] [INFO] ["C:\\Users\\user\\Desktop\\counselor-master\/lang\/en\\en.php"]
[2025-06-29 19:31:38] [INFO] {"session":"en","lang":"en"}
[2025-06-29 19:32:14] [INFO] ["C:\\Users\\user\\Desktop\\counselor-master\/lang\/en\\en.php"]
[2025-06-29 19:32:14] [INFO] {"session":"en","lang":"en"}
[2025-06-29 19:32:15] [INFO] ["C:\\Users\\user\\Desktop\\counselor-master\/lang\/en\\en.php"]
[2025-06-29 19:32:15] [INFO] {"session":"en","lang":"en"}
[2025-06-29 19:32:15] [INFO] ["C:\\Users\\user\\Desktop\\counselor-master\/lang\/en\\en.php"]
[2025-06-29 19:32:15] [INFO] {"session":"en","lang":"en"}
[2025-06-29 19:32:28] [INFO] ["C:\\Users\\user\\Desktop\\counselor-master\/lang\/en\\en.php"]
[2025-06-29 19:32:28] [INFO] {"session":"en","lang":"en"}
[2025-06-29 19:32:28] [INFO] ["C:\\Users\\user\\Desktop\\counselor-master\/lang\/en\\en.php"]
[2025-06-29 19:32:28] [INFO] {"session":"en","lang":"en"}
[2025-06-29 19:32:28] [INFO] ["C:\\Users\\user\\Desktop\\counselor-master\/lang\/en\\en.php"]
[2025-06-29 19:32:28] [INFO] {"session":"en","lang":"en"}
[2025-06-29 19:33:30] [INFO] ["C:\\Users\\user\\Desktop\\counselor-master\/lang\/en\\en.php"]
[2025-06-29 19:33:30] [INFO] {"session":"en","lang":"en"}
[2025-06-29 19:33:31] [INFO] ["C:\\Users\\user\\Desktop\\counselor-master\/lang\/en\\en.php"]
[2025-06-29 19:33:31] [INFO] {"session":"en","lang":"en"}
[2025-06-29 19:33:31] [INFO] ["C:\\Users\\user\\Desktop\\counselor-master\/lang\/en\\en.php"]
[2025-06-29 19:33:31] [INFO] {"session":"en","lang":"en"}
[2025-06-29 19:40:40] [INFO] ["C:\\Users\\user\\Desktop\\counselor-master\/lang\/en\\en.php"]
[2025-06-29 19:40:40] [INFO] {"session":"en","lang":"en"}
[2025-06-29 19:40:41] [INFO] ["C:\\Users\\user\\Desktop\\counselor-master\/lang\/en\\en.php"]
[2025-06-29 19:40:41] [INFO] {"session":"en","lang":"en"}
[2025-06-29 19:40:41] [INFO] ["C:\\Users\\user\\Desktop\\counselor-master\/lang\/en\\en.php"]
[2025-06-29 19:40:41] [INFO] {"session":"en","lang":"en"}
[2025-06-29 19:42:42] [INFO] ["C:\\Users\\user\\Desktop\\counselor-master\/lang\/en\\en.php"]
[2025-06-29 19:42:42] [INFO] {"session":"en","lang":"en"}
[2025-06-29 19:42:43] [INFO] ["C:\\Users\\user\\Desktop\\counselor-master\/lang\/en\\en.php"]
[2025-06-29 19:42:43] [INFO] {"session":"en","lang":"en"}
[2025-06-29 19:42:43] [INFO] ["C:\\Users\\user\\Desktop\\counselor-master\/lang\/en\\en.php"]
[2025-06-29 19:42:43] [INFO] {"session":"en","lang":"en"}
[2025-06-29 19:43:09] [INFO] ["C:\\Users\\user\\Desktop\\counselor-master\/lang\/en\\en.php"]
[2025-06-29 19:43:09] [INFO] {"session":"en","lang":"en"}
[2025-06-29 19:43:10] [INFO] ["C:\\Users\\user\\Desktop\\counselor-master\/lang\/en\\en.php"]
[2025-06-29 19:43:10] [INFO] {"session":"en","lang":"en"}
[2025-06-29 19:43:10] [INFO] ["C:\\Users\\user\\Desktop\\counselor-master\/lang\/en\\en.php"]
[2025-06-29 19:43:10] [INFO] {"session":"en","lang":"en"}
[2025-06-29 19:43:41] [INFO] ["C:\\Users\\user\\Desktop\\counselor-master\/lang\/en\\en.php"]
[2025-06-29 19:43:41] [INFO] {"session":"en","lang":"en"}
[2025-06-29 19:43:42] [INFO] ["C:\\Users\\user\\Desktop\\counselor-master\/lang\/en\\en.php"]
[2025-06-29 19:43:42] [INFO] {"session":"en","lang":"en"}
[2025-06-29 19:43:42] [INFO] ["C:\\Users\\user\\Desktop\\counselor-master\/lang\/en\\en.php"]
[2025-06-29 19:43:42] [INFO] {"session":"en","lang":"en"}
[2025-06-29 19:44:53] [INFO] ["C:\\Users\\user\\Desktop\\counselor-master\/lang\/en\\en.php"]
[2025-06-29 19:44:53] [INFO] {"session":"en","lang":"en"}
[2025-06-29 19:44:54] [INFO] ["C:\\Users\\user\\Desktop\\counselor-master\/lang\/en\\en.php"]
[2025-06-29 19:44:54] [INFO] {"session":"en","lang":"en"}
[2025-06-29 19:44:54] [INFO] ["C:\\Users\\user\\Desktop\\counselor-master\/lang\/en\\en.php"]
[2025-06-29 19:44:54] [INFO] {"session":"en","lang":"en"}
[2025-06-29 19:45:15] [INFO] ["C:\\Users\\user\\Desktop\\counselor-master\/lang\/en\\en.php"]
[2025-06-29 19:45:15] [INFO] {"session":"en","lang":"en"}
[2025-06-29 19:45:16] [INFO] ["C:\\Users\\user\\Desktop\\counselor-master\/lang\/en\\en.php"]
[2025-06-29 19:45:16] [INFO] {"session":"en","lang":"en"}
[2025-06-29 19:45:16] [INFO] ["C:\\Users\\user\\Desktop\\counselor-master\/lang\/en\\en.php"]
[2025-06-29 19:45:16] [INFO] {"session":"en","lang":"en"}
[2025-06-29 19:45:35] [INFO] ["C:\\Users\\user\\Desktop\\counselor-master\/lang\/en\\en.php"]
[2025-06-29 19:45:35] [INFO] {"session":"en","lang":"en"}
[2025-06-29 19:45:36] [INFO] ["C:\\Users\\user\\Desktop\\counselor-master\/lang\/en\\en.php"]
[2025-06-29 19:45:36] [INFO] {"session":"en","lang":"en"}
[2025-06-29 19:45:36] [INFO] ["C:\\Users\\user\\Desktop\\counselor-master\/lang\/en\\en.php"]
[2025-06-29 19:45:36] [INFO] {"session":"en","lang":"en"}
[2025-06-29 19:46:01] [INFO] ["C:\\Users\\user\\Desktop\\counselor-master\/lang\/en\\en.php"]
[2025-06-29 19:46:01] [INFO] {"session":"en","lang":"en"}
[2025-06-29 19:46:02] [INFO] ["C:\\Users\\user\\Desktop\\counselor-master\/lang\/en\\en.php"]
[2025-06-29 19:46:02] [INFO] {"session":"en","lang":"en"}
[2025-06-29 19:46:02] [INFO] ["C:\\Users\\user\\Desktop\\counselor-master\/lang\/en\\en.php"]
[2025-06-29 19:46:02] [INFO] {"session":"en","lang":"en"}
[2025-06-29 19:46:35] [INFO] ["C:\\Users\\user\\Desktop\\counselor-master\/lang\/en\\en.php"]
[2025-06-29 19:46:35] [INFO] {"session":"en","lang":"en"}
[2025-06-29 19:46:36] [INFO] ["C:\\Users\\user\\Desktop\\counselor-master\/lang\/en\\en.php"]
[2025-06-29 19:46:36] [INFO] {"session":"en","lang":"en"}
[2025-06-29 19:46:36] [INFO] ["C:\\Users\\user\\Desktop\\counselor-master\/lang\/en\\en.php"]
[2025-06-29 19:46:36] [INFO] {"session":"en","lang":"en"}
[2025-06-29 19:47:04] [INFO] ["C:\\Users\\user\\Desktop\\counselor-master\/lang\/en\\en.php"]
[2025-06-29 19:47:04] [INFO] {"session":"en","lang":"en"}
[2025-06-29 19:47:05] [INFO] ["C:\\Users\\user\\Desktop\\counselor-master\/lang\/en\\en.php"]
[2025-06-29 19:47:05] [INFO] {"session":"en","lang":"en"}
[2025-06-29 19:47:05] [INFO] ["C:\\Users\\user\\Desktop\\counselor-master\/lang\/en\\en.php"]
[2025-06-29 19:47:05] [INFO] {"session":"en","lang":"en"}
[2025-06-29 19:47:20] [INFO] ["C:\\Users\\user\\Desktop\\counselor-master\/lang\/en\\en.php"]
[2025-06-29 19:47:20] [INFO] {"session":"en","lang":"en"}
[2025-06-29 19:47:21] [INFO] ["C:\\Users\\user\\Desktop\\counselor-master\/lang\/en\\en.php"]
[2025-06-29 19:47:21] [INFO] {"session":"en","lang":"en"}
[2025-06-29 19:47:21] [INFO] ["C:\\Users\\user\\Desktop\\counselor-master\/lang\/en\\en.php"]
[2025-06-29 19:47:21] [INFO] {"session":"en","lang":"en"}
[2025-06-29 19:47:54] [INFO] ["C:\\Users\\user\\Desktop\\counselor-master\/lang\/en\\en.php"]
[2025-06-29 19:47:54] [INFO] {"session":"en","lang":"en"}
[2025-06-29 19:47:55] [INFO] ["C:\\Users\\user\\Desktop\\counselor-master\/lang\/en\\en.php"]
[2025-06-29 19:47:55] [INFO] {"session":"en","lang":"en"}
[2025-06-29 19:47:55] [INFO] ["C:\\Users\\user\\Desktop\\counselor-master\/lang\/en\\en.php"]
[2025-06-29 19:47:55] [INFO] {"session":"en","lang":"en"}
